proguard/seeds.txt
com.qingfengmy.obsessivecompulsive.BaseActivity: BaseActivity()
com.qingfengmy.obsessivecompulsive.MainActivity
com.qingfengmy.obsessivecompulsive.MainActivity: MainActivity()
com.qingfengmy.obsessivecompulsive.MainActivity: void onClick(android.view.View)
com.qingfengmy.obsessivecompulsive.R$anim: int menu_in
com.qingfengmy.obsessivecompulsive.R$anim: int menu_out
com.qingfengmy.obsessivecompulsive.R$dimen: int activity_horizontal_margin
com.qingfengmy.obsessivecompulsive.R$dimen: int activity_vertical_margin
com.qingfengmy.obsessivecompulsive.R$dimen: int page_margin
com.qingfengmy.obsessivecompulsive.R$dimen: int pager_margin
com.qingfengmy.obsessivecompulsive.R$drawable: int about_btn2
com.qingfengmy.obsessivecompulsive.R$drawable: int about_btn3
com.qingfengmy.obsessivecompulsive.R$drawable: int bg
com.qingfengmy.obsessivecompulsive.R$drawable: int block_msg_delete
com.qingfengmy.obsessivecompulsive.R$drawable: int btn_menu_item1_a
com.qingfengmy.obsessivecompulsive.R$drawable: int btn_menu_item1_bg
com.qingfengmy.obsessivecompulsive.R$drawable: int btn_menu_item1_c
com.qingfengmy.obsessivecompulsive.R$drawable: int btn_menu_item2_a
com.qingfengmy.obsessivecompulsive.R$drawable: int btn_menu_item2_bg
com.qingfengmy.obsessivecompulsive.R$drawable: int btn_menu_item2_c
com.qingfengmy.obsessivecompulsive.R$drawable: int btn_menu_item3_bg
com.qingfengmy.obsessivecompulsive.R$drawable: int btn_menu_item3_bg_a
com.qingfengmy.obsessivecompulsive.R$drawable: int btn_menu_item3_bg_b
com.qingfengmy.obsessivecompulsive.R$drawable: int btn_topview_about_a
com.qingfengmy.obsessivecompulsive.R$drawable: int btn_topview_about_bg
com.qingfengmy.obsessivecompulsive.R$drawable: int btn_topview_about_c
com.qingfengmy.obsessivecompulsive.R$drawable: int btn_view_back_a
com.qingfengmy.obsessivecompulsive.R$drawable: int btn_view_ok_a
com.qingfengmy.obsessivecompulsive.R$drawable: int github
com.qingfengmy.obsessivecompulsive.R$drawable: int ic_launcher
com.qingfengmy.obsessivecompulsive.R$drawable: int icon_material
com.qingfengmy.obsessivecompulsive.R$drawable: int image1
com.qingfengmy.obsessivecompulsive.R$id: int action_settings
com.qingfengmy.obsessivecompulsive.R$id: int adLayout
com.qingfengmy.obsessivecompulsive.R$id: int button1
com.qingfengmy.obsessivecompulsive.R$id: int button2
com.qingfengmy.obsessivecompulsive.R$id: int button3
com.qingfengmy.obsessivecompulsive.R$id: int button4
com.qingfengmy.obsessivecompulsive.R$id: int button_layout
com.qingfengmy.obsessivecompulsive.R$id: int cancle
com.qingfengmy.obsessivecompulsive.R$id: int create
com.qingfengmy.obsessivecompulsive.R$id: int github
com.qingfengmy.obsessivecompulsive.R$id: int icLauncher
com.qingfengmy.obsessivecompulsive.R$id: int img
com.qingfengmy.obsessivecompulsive.R$id: int img1
com.qingfengmy.obsessivecompulsive.R$id: int layout
com.qingfengmy.obsessivecompulsive.R$id: int lookAtMy
com.qingfengmy.obsessivecompulsive.R$id: int lookAtOther
com.qingfengmy.obsessivecompulsive.R$id: int more
com.qingfengmy.obsessivecompulsive.R$id: int ok
com.qingfengmy.obsessivecompulsive.R$id: int pager_layout
com.qingfengmy.obsessivecompulsive.R$id: int rightButton
com.qingfengmy.obsessivecompulsive.R$id: int showPhoto
com.qingfengmy.obsessivecompulsive.R$id: int title1
com.qingfengmy.obsessivecompulsive.R$id: int title2
com.qingfengmy.obsessivecompulsive.R$id: int title_layout
com.qingfengmy.obsessivecompulsive.R$id: int view_pager
com.qingfengmy.obsessivecompulsive.R$id: int view_pager_index
com.qingfengmy.obsessivecompulsive.R$layout: int activity_main
com.qingfengmy.obsessivecompulsive.R$layout: int activity_splash
com.qingfengmy.obsessivecompulsive.R$layout: int activity_viewpagermultifragment
com.qingfengmy.obsessivecompulsive.R$layout: int user_center_pop_layout
com.qingfengmy.obsessivecompulsive.R$menu: int main
...
net.youmi.android.offers.f
net.youmi.android.offers.f: android.content.Context a
net.youmi.android.offers.f: net.youmi.android.offers.EarnPointsOrderList b
net.youmi.android.offers.f: net.youmi.android.offers.e c
net.youmi.android.offers.f: f(net.youmi.android.offers.e,android.content.Context,net.youmi.android.offers.EarnPointsOrderList)
net.youmi.android.offers.f: void run()
net.youmi.android.onlineconfig.OnlineConfigCallBack
net.youmi.android.onlineconfig.OnlineConfigCallBack: void onGetOnlineConfigSuccessful(java.lang.String,java.lang.String)
net.youmi.android.onlineconfig.OnlineConfigCallBack: void onGetOnlineConfigFailed(java.lang.String)
net.youmi.android.onlineconfig.a
net.youmi.android.onlineconfig.a: java.lang.String a
net.youmi.android.onlineconfig.a: java.lang.String b
net.youmi.android.onlineconfig.a: long c
net.youmi.android.onlineconfig.a: a(java.lang.String)
net.youmi.android.onlineconfig.a: java.lang.String l()
net.youmi.android.onlineconfig.a: boolean a(java.lang.String)
net.youmi.android.onlineconfig.a: void a(long)
net.youmi.android.onlineconfig.a: long m()
net.youmi.android.onlineconfig.a: java.lang.String n()
net.youmi.android.onlineconfig.a: java.lang.String a()
net.youmi.android.onlineconfig.a: void b(java.lang.String)
net.youmi.android.onlineconfig.b
net.youmi.android.onlineconfig.b: java.lang.String a(android.content.Context,java.lang.String,java.lang.String)
net.youmi.android.onlineconfig.b: java.lang.String a()
net.youmi.android.onlineconfig.b: java.lang.String a(android.content.Context,java.lang.String)
net.youmi.android.onlineconfig.c
net.youmi.android.onlineconfig.c: net.youmi.android.onlineconfig.c a
net.youmi.android.onlineconfig.c: c(android.content.Context)
net.youmi.android.onlineconfig.c: net.youmi.android.onlineconfig.c a(android.content.Context)
net.youmi.android.onlineconfig.c: java.lang.String a(java.lang.String,java.lang.String)
net.youmi.android.onlineconfig.c: boolean a(java.lang.String,java.lang.String,long)
net.youmi.android.onlineconfig.d
net.youmi.android.onlineconfig.d: net.youmi.android.onlineconfig.OnlineConfigCallBack a
net.youmi.android.onlineconfig.d: android.content.Context b
net.youmi.android.onlineconfig.d: java.lang.String c
net.youmi.android.onlineconfig.d: d(android.content.Context,net.youmi.android.onlineconfig.OnlineConfigCallBack,java.lang.String)
net.youmi.android.onlineconfig.d: void run()
net.youmi.android.onlineconfig.d: java.lang.String a(net.youmi.android.onlineconfig.d)
net.youmi.android.onlineconfig.d: net.youmi.android.onlineconfig.OnlineConfigCallBack b(net.youmi.android.onlineconfig.d)
net.youmi.android.onlineconfig.e
net.youmi.android.onlineconfig.e: java.lang.String a
net.youmi.android.onlineconfig.e: net.youmi.android.onlineconfig.d b
net.youmi.android.onlineconfig.e: e(net.youmi.android.onlineconfig.d,java.lang.String)
net.youmi.android.onlineconfig.e: void run()