proguard/mapping.txt
com.qingfengmy.obsessivecompulsive.BaseActivity -> com.qingfengmy.obsessivecompulsive.a:
    void onResume() -> onResume
    void onPause() -> onPause
com.qingfengmy.obsessivecompulsive.MainActivity -> com.qingfengmy.obsessivecompulsive.MainActivity:
    android.widget.ImageView img -> a
    android.widget.ImageView img1 -> b
    android.widget.ImageView icLauncher -> c
    android.widget.ImageView github -> d
    android.widget.LinearLayout layout -> e
    android.widget.RelativeLayout showPhoto -> f
    android.widget.Button create -> g
    android.widget.Button lookAtMy -> h
    android.widget.Button lookAtOther -> i
    android.widget.Button ok -> j
    android.widget.Button cancle -> k
    android.widget.Button more -> l
    android.graphics.Bitmap bitmap -> o
    android.net.Uri imageUri -> m
    java.lang.String LOCATION -> n
    com.readystatesoftware.viewbadger.BadgeView bv -> p
    long exitTime -> q
    void onCreate(android.os.Bundle) -> onCreate
    android.graphics.Bitmap captureScreen(android.view.View,android.app.Activity) -> a
    void onClick(android.view.View) -> onClick
    void showPicturePicker(android.content.Context,boolean) -> a
    void onActivityResult(int,int,android.content.Intent) -> onActivityResult
    void cropImageUri(android.net.Uri,int,int) -> a
    void createCropImg(android.content.Intent) -> a
    android.graphics.Bitmap decodeUriAsBitmap(android.net.Uri) -> a
    void onDestroy() -> onDestroy
    boolean onKeyDown(int,android.view.KeyEvent) -> onKeyDown
    void onBackPressed() -> onBackPressed
    void onStop() -> onStop
com.qingfengmy.obsessivecompulsive.MainActivity$1 -> com.qingfengmy.obsessivecompulsive.b:
    com.qingfengmy.obsessivecompulsive.MainActivity this$0 -> a
    void onClick(android.content.DialogInterface,int) -> onClick
com.qingfengmy.obsessivecompulsive.MainActivity$2 -> com.qingfengmy.obsessivecompulsive.c:
    com.qingfengmy.obsessivecompulsive.MainActivity this$0 -> a
    void run() -> run
com.qingfengmy.obsessivecompulsive.SplashActivity -> com.qingfengmy.obsessivecompulsive.SplashActivity:
    android.app.ProgressDialog dialog -> a
    void onCreate(android.os.Bundle) -> onCreate
    void onBackPressed() -> onBackPressed
    void onStop() -> onStop
    android.app.ProgressDialog access$0(com.qingfengmy.obsessivecompulsive.SplashActivity) -> a
com.qingfengmy.obsessivecompulsive.SplashActivity$1 -> com.qingfengmy.obsessivecompulsive.d:
    com.qingfengmy.obsessivecompulsive.SplashActivity this$0 -> a
    void onShowSuccess() -> onShowSuccess
    void onShowFailed() -> onShowFailed
    void onSpotClosed() -> onSpotClosed
com.qingfengmy.obsessivecompulsive.ViewPagerMultiFragment -> com.qingfengmy.obsessivecompulsive.ViewPagerMultiFragment:
    int TOTAL_COUNT -> a
    android.widget.RelativeLayout viewPagerContainer -> b
    android.support.v4.view.ViewPager viewPager -> c
    android.widget.TextView indexText -> d
    int from -> e
    android.widget.Button rightButton -> f
    java.lang.String[] lists -> g
    int currentPosition -> h
    void onCreate(android.os.Bundle) -> onCreate
    int access$0() -> a
    int access$1(com.qingfengmy.obsessivecompulsive.ViewPagerMultiFragment) -> a
    java.lang.String[] access$2(com.qingfengmy.obsessivecompulsive.ViewPagerMultiFragment) -> b
    android.widget.TextView access$3(com.qingfengmy.obsessivecompulsive.ViewPagerMultiFragment) -> c
    void access$4(com.qingfengmy.obsessivecompulsive.ViewPagerMultiFragment,int) -> a
    android.widget.RelativeLayout access$5(com.qingfengmy.obsessivecompulsive.ViewPagerMultiFragment) -> d
    android.support.v4.view.ViewPager access$6(com.qingfengmy.obsessivecompulsive.ViewPagerMultiFragment) -> e
    int access$7(com.qingfengmy.obsessivecompulsive.ViewPagerMultiFragment) -> f
    void access$8(com.qingfengmy.obsessivecompulsive.ViewPagerMultiFragment,java.lang.String[]) -> a
    void access$9(int) -> a
...
net.youmi.android.b.b.g.f.g -> net.youmi.android.b.b.g.f.g:
    void a(android.content.Context,net.youmi.android.b.b.g.a.d,net.youmi.android.b.b.g.e.a,net.youmi.android.b.b.g.d.e) -> a
net.youmi.android.b.b.g.f.h -> net.youmi.android.b.b.g.f.h:
    long d -> d
    int e -> e
    boolean f -> f
    void a(android.content.Context,net.youmi.android.b.b.g.a.d,net.youmi.android.b.b.g.e.a,net.youmi.android.b.b.g.d.e) -> a
net.youmi.android.b.b.g.f.i -> net.youmi.android.b.b.g.f.i:
    void a(android.content.Context,net.youmi.android.b.b.g.a.d,net.youmi.android.b.b.g.e.a,net.youmi.android.b.b.g.d.e) -> a
net.youmi.android.b.b.g.g.a -> net.youmi.android.b.b.g.g.a:
    net.youmi.android.b.b.g.d.f a -> a
    java.lang.String b -> b
    java.lang.String c -> c
    boolean d -> d
    void a() -> a
    void b() -> b
    void onDownloadStart(java.lang.String,java.lang.String,java.lang.String,java.lang.String,long) -> onDownloadStart
    void run() -> run
net.youmi.android.b.b.g.g.b -> net.youmi.android.b.b.g.g.b:
    boolean onJsAlert(android.webkit.WebView,java.lang.String,java.lang.String,android.webkit.JsResult) -> onJsAlert
    boolean onJsConfirm(android.webkit.WebView,java.lang.String,java.lang.String,android.webkit.JsResult) -> onJsConfirm
    boolean onJsPrompt(android.webkit.WebView,java.lang.String,java.lang.String,java.lang.String,android.webkit.JsPromptResult) -> onJsPrompt
net.youmi.android.b.b.g.g.c -> net.youmi.android.b.b.g.g.c:
    boolean shouldOverrideUrlLoading(android.webkit.WebView,java.lang.String) -> shouldOverrideUrlLoading
    void onReceivedError(android.webkit.WebView,int,java.lang.String,java.lang.String) -> onReceivedError
net.youmi.android.b.b.h.a -> net.youmi.android.b.b.h.a:
net.youmi.android.b.b.h.b -> net.youmi.android.b.b.h.b:
    java.lang.String a(java.lang.String) -> a
    java.lang.String a(java.lang.String,java.lang.String) -> a
    java.lang.String a(java.lang.String,java.lang.String,java.lang.String) -> a
    java.lang.String a(byte[],java.lang.String) -> a
net.youmi.android.b.b.h.c -> net.youmi.android.b.b.h.c:
    java.util.concurrent.Executor a -> a
    java.util.concurrent.Executor a() -> a
    java.util.concurrent.Executor b() -> b
net.youmi.android.b.b.h.d -> net.youmi.android.b.b.h.d:
    java.util.concurrent.atomic.AtomicInteger a -> a
    java.util.concurrent.atomic.AtomicInteger b -> b
    java.lang.ThreadGroup c -> c
    java.lang.String d -> d
    int e -> e
    java.lang.Thread newThread(java.lang.Runnable) -> newThread
net.youmi.android.b.b.h.e -> net.youmi.android.b.b.h.e:
    java.lang.String a -> a
    java.lang.String b -> b
    java.lang.String c -> c
    java.lang.String d -> d
    java.lang.String e -> e
    java.lang.String f -> f
    java.lang.String g -> g
    java.lang.String h -> h
    java.lang.String i -> i
    java.lang.String j -> j
    java.lang.String k -> k
    java.lang.String a() -> a
    java.lang.String m(android.content.Context) -> m
    java.lang.String a(android.content.Context) -> a
    java.lang.String b(android.content.Context) -> b
    java.lang.String n(android.content.Context) -> n
    java.lang.String c(android.content.Context) -> c
    java.lang.String d(android.content.Context) -> d
    java.lang.String e(android.content.Context) -> e
    java.lang.String f(android.content.Context) -> f
    java.lang.String g(android.content.Context) -> g
    java.lang.String o(android.content.Context) -> o
    java.lang.String b() -> b
    java.lang.String c() -> c
    java.lang.String d() -> d
    void p(android.content.Context) -> p
    java.lang.String h(android.content.Context) -> h
    int i(android.content.Context) -> i
    int j(android.content.Context) -> j
    int e() -> e
    java.lang.String k(android.content.Context) -> k
    void l(android.content.Context) -> l
    boolean a(android.content.Context,java.lang.String,java.lang.String,java.lang.String) -> a