proguard/usage.txt
com.qingfengmy.obsessivecompulsive.BuildConfig
com.qingfengmy.obsessivecompulsive.MainActivity:
    public static final java.lang.String TO
    public static final int MY
    public static final int OTHER
    private static final int TAKE_PICTURE
    private static final int CHOOSE_PICTURE
    private static final java.lang.String IMAGE_FILE_LOCATION
com.qingfengmy.obsessivecompulsive.R
com.qingfengmy.obsessivecompulsive.R$anim
com.qingfengmy.obsessivecompulsive.R$attr
com.qingfengmy.obsessivecompulsive.R$dimen
com.qingfengmy.obsessivecompulsive.R$drawable
com.qingfengmy.obsessivecompulsive.R$id
com.qingfengmy.obsessivecompulsive.R$layout
com.qingfengmy.obsessivecompulsive.R$menu
com.qingfengmy.obsessivecompulsive.R$string
com.qingfengmy.obsessivecompulsive.R$style
com.qingfengmy.obsessivecompulsive.utils.Constants
com.qingfengmy.obsessivecompulsive.utils.DpUtils
com.qingfengmy.obsessivecompulsive.utils.ImageTools:
    36:36:public ImageTools()
    45:54:public static android.graphics.Bitmap drawableToBitmap(android.graphics.drawable.Drawable)
    64:64:public static android.graphics.drawable.Drawable bitmapToDrawable(android.graphics.Bitmap)
    76:76:public static android.graphics.Bitmap inputStreamToBitmap(java.io.InputStream)
    86:90:public static android.graphics.Bitmap byteToBitmap(byte[])
    101:105:public static android.graphics.drawable.Drawable byteToDrawable(byte[])
    115:121:public static byte[] bitmapToBytes(android.graphics.Bitmap)
    131:135:public static byte[] drawableToBytes(android.graphics.drawable.Drawable)
    161:192:public static android.graphics.Bitmap createReflectionImageWithOrigin(android.graphics.Bitmap)
    204:219:public static android.graphics.Bitmap getRoundedCornerBitmap(android.graphics.Bitmap,float)
    231:238:public static android.graphics.Bitmap zoomBitmap(android.graphics.Bitmap,int,int)
    250:259:public static android.graphics.drawable.Drawable zoomDrawable(android.graphics.drawable.Drawable,int,int)
    269:274:public static android.graphics.Bitmap getPhotoFromSDCard(java.lang.String,java.lang.String)
    295:321:public static boolean findPhotoFromSDCard(java.lang.String,java.lang.String)
    383:390:public static void deleteAllPhoto(java.lang.String)
    393:403:public static void deletePhotoAtPathAndName(java.lang.String,java.lang.String)
com.qingfengmy.obsessivecompulsive.view.MenuPop
com.qingfengmy.obsessivecompulsive.view.MenuPop$OnButtonClickListener
...
com.umeng.analytics.social.d
com.umeng.analytics.social.e
com.umeng.analytics.social.f
u.aly.a:
    80:81:public void a(u.aly.ar)
u.aly.aa
u.aly.ab
u.aly.ac:
    26:28:public ac(java.lang.String)
    36:37:public u.aly.ac a(boolean)
u.aly.ad
u.aly.ae:
    17:19:public ae(org.json.JSONArray)
u.aly.ah:
    private static final int f
    129:132:public ah(u.aly.ah)
    135:135:public u.aly.ah a()
    140:142:public void b()
    145:145:public long c()
    149:151:public u.aly.ah a(long)
    155:156:public void d()
    168:168:public u.aly.ah$e a(int)
    199:203:private void a(java.io.ObjectOutputStream)
    208:213:private void a(java.io.ObjectInputStream)
    32:32:public synthetic u.aly.bz g()
    32:32:public synthetic u.aly.cg b(int)
u.aly.ah$e:
    61:65:public static u.aly.ah$e a(int)
    74:76:public static u.aly.ah$e b(int)
    83:83:public static u.aly.ah$e a(java.lang.String)
u.aly.ai:
    private static final int x
    private static final int y
    197:202:public ai(java.lang.String,u.aly.bc,java.lang.String,java.lang.String)
    207:235:public ai(u.aly.ai)
    238:238:public u.aly.ai a()
    243:255:public void b()
    258:258:public java.lang.String c()
    267:268:public void d()
    272:272:public boolean e()
    282:282:public java.lang.String f()
    291:292:public void h()
    306:306:public int j()
    316:317:public void k()
    329:329:public java.lang.String m()
    338:339:public void n()
    357:357:public u.aly.bc p()
    370:371:public void q()
    375:375:public boolean r()
    385:385:public java.lang.String s()
    394:395:public void t()
    399:399:public boolean u()
    409:409:public java.lang.String v()
    418:419:public void w()
    423:423:public boolean x()
    433:433:public java.lang.String y()
    442:443:public void z()
    457:457:public java.lang.String B()
    466:467:public void C()
    481:481:public int E()
    491:492:public void F()
    504:504:public u.aly.ai$e d(int)
    626:630:private void a(java.io.ObjectOutputStream)
    635:640:private void a(java.io.ObjectInputStream)
    32:32:public synthetic u.aly.bz g()
    32:32:public synthetic u.aly.cg b(int)
u.aly.ai$e:
    96:118:public static u.aly.ai$e a(int)
    127:129:public static u.aly.ai$e b(int)
    136:136:public static u.aly.ai$e a(java.lang.String)
u.aly.aj:
    private static final int j
    private static final int k
    private static final int l
    143:148:public aj(int,int)
    153:158:public aj(u.aly.aj)
    161:161:public u.aly.aj a()
    166:172:public void b()
    175:175:public int c()
    185:186:public void d()
    198:198:public int f()
    208:209:public void h()
    221:221:public int j()
    231:232:public void k()
    244:244:public u.aly.aj$e e(int)
    286:290:private void a(java.io.ObjectOutputStream)
    295:300:private void a(java.io.ObjectInputStream)
    32:32:public synthetic u.aly.bz g()
    32:32:public synthetic u.aly.cg b(int)
u.aly.aj$e:
    67:75:public static u.aly.aj$e a(int)
    84:86:public static u.aly.aj$e b(int)
    93:93:public static u.aly.aj$e a(java.lang.String)